<?xml version="1.0" encoding="UTF-8"?>
<!-- Generated by org.testng.reporters.JUnitReportReporter -->
<testsuite skipped="0" hostname="DESKTOP-U8GTRA6" name="com.training.functional.tests.CYTC_050AddContactandMakePayment" tests="1" failures="0" timestamp="11 Feb 2019 08:12:15 GMT" time="19.403" errors="0">
  <testcase name="validLoginTest" time="19.403" classname="com.training.functional.tests.CYTC_050AddContactandMakePayment"/>
</testsuite> <!-- com.training.functional.tests.CYTC_050AddContactandMakePayment -->
