<?xml version="1.0" encoding="UTF-8"?>
<!-- Generated by org.testng.reporters.JUnitReportReporter -->
<testsuite skipped="0" hostname="DESKTOP-U8GTRA6" name="com.training.functional.tests.CYTC_078GrantloanandVerifybyMember" tests="1" failures="0" timestamp="15 Feb 2019 07:48:27 GMT" time="35.857" errors="0">
  <testcase name="validLoginTest" time="35.857" classname="com.training.functional.tests.CYTC_078GrantloanandVerifybyMember"/>
</testsuite> <!-- com.training.functional.tests.CYTC_078GrantloanandVerifybyMember -->
