<?xml version="1.0" encoding="UTF-8"?>
<!-- Generated by org.testng.reporters.JUnitReportReporter -->
<testsuite skipped="0" hostname="DESKTOP-U8GTRA6" name="com.training.functional.tests.CYTC_048FilterMessageDetails" tests="1" failures="0" timestamp="11 Feb 2019 08:10:44 GMT" time="24.930" errors="0">
  <testcase name="validLoginTest" time="24.930" classname="com.training.functional.tests.CYTC_048FilterMessageDetails"/>
</testsuite> <!-- com.training.functional.tests.CYTC_048FilterMessageDetails -->
