<?xml version="1.0" encoding="UTF-8"?>
<!-- Generated by org.testng.reporters.JUnitReportReporter -->
<testsuite skipped="0" hostname="DESKTOP-U8GTRA6" name="com.training.functional.tests.CYTC_019LoanGrantedDetails" tests="1" failures="0" timestamp="12 Feb 2019 11:36:05 GMT" time="24.166" errors="0">
  <testcase name="validLoginTest" time="24.166" classname="com.training.functional.tests.CYTC_019LoanGrantedDetails"/>
</testsuite> <!-- com.training.functional.tests.CYTC_019LoanGrantedDetails -->
