<?xml version="1.0" encoding="UTF-8"?>
<!-- Generated by org.testng.reporters.JUnitReportReporter -->
<testsuite skipped="0" hostname="DESKTOP-U8GTRA6" name="com.training.functional.tests.CYTC_077LoangrantedbyAdmin" tests="1" failures="0" timestamp="15 Feb 2019 13:48:43 GMT" time="21.818" errors="0">
  <testcase name="validLoginTest" time="21.818" classname="com.training.functional.tests.CYTC_077LoangrantedbyAdmin"/>
</testsuite> <!-- com.training.functional.tests.CYTC_077LoangrantedbyAdmin -->
