<?xml version="1.0" encoding="UTF-8"?>
<!-- Generated by org.testng.reporters.JUnitReportReporter -->
<testsuite skipped="0" hostname="DESKTOP-U8GTRA6" name="com.training.sanity.tests.LoginTests" tests="1" failures="0" timestamp="23 Jan 2019 07:33:25 GMT" time="8.546" errors="0">
  <testcase name="validLoginTest" time="8.546" classname="com.training.sanity.tests.LoginTests"/>
</testsuite> <!-- com.training.sanity.tests.LoginTests -->
