<?xml version="1.0" encoding="UTF-8"?>
<!-- Generated by org.testng.reporters.JUnitReportReporter -->
<testsuite skipped="0" hostname="DESKTOP-U8GTRA6" name="com.training.functional.tests.CYTC_017PaymentForMember" tests="1" failures="0" timestamp="11 Feb 2019 11:12:50 GMT" time="20.654" errors="0">
  <testcase name="validLoginTest" time="20.654" classname="com.training.functional.tests.CYTC_017PaymentForMember"/>
</testsuite> <!-- com.training.functional.tests.CYTC_017PaymentForMember -->
