<?xml version="1.0" encoding="UTF-8"?>
<!-- Generated by org.testng.reporters.JUnitReportReporter -->
<testsuite skipped="0" hostname="DESKTOP-U8GTRA6" name="com.training.functional.tests.CYTC_046" tests="1" failures="0" timestamp="30 Jan 2019 08:16:45 GMT" time="14.219" errors="0">
  <testcase name="validLoginTest" time="14.219" classname="com.training.functional.tests.CYTC_046"/>
</testsuite> <!-- com.training.functional.tests.CYTC_046 -->
