<?xml version="1.0" encoding="UTF-8"?>
<!-- Generated by org.testng.reporters.JUnitReportReporter -->
<testsuite skipped="0" hostname="DESKTOP-U8GTRA6" name="com.training.functional.tests.CYTC_079Payment_MultipleRegisteredMember" tests="3" failures="0" timestamp="15 Feb 2019 10:31:28 GMT" time="58.493" errors="0">
  <testcase name="MultiplePayment" time="20.200" classname="com.training.functional.tests.CYTC_079Payment_MultipleRegisteredMember"/>
  <testcase name="MultiplePayment" time="18.815" classname="com.training.functional.tests.CYTC_079Payment_MultipleRegisteredMember"/>
  <testcase name="MultiplePayment" time="19.478" classname="com.training.functional.tests.CYTC_079Payment_MultipleRegisteredMember"/>
</testsuite> <!-- com.training.functional.tests.CYTC_079Payment_MultipleRegisteredMember -->
