<?xml version="1.0" encoding="UTF-8"?>
<!-- Generated by org.testng.reporters.JUnitReportReporter -->
<testsuite skipped="0" hostname="DESKTOP-U8GTRA6" name="com.training.functional.tests.CYTC_020" tests="1" failures="0" timestamp="31 Jan 2019 05:29:33 GMT" time="14.727" errors="0">
  <testcase name="validLoginTest" time="14.727" classname="com.training.functional.tests.CYTC_020"/>
</testsuite> <!-- com.training.functional.tests.CYTC_020 -->
