<?xml version="1.0" encoding="UTF-8"?>
<!-- Generated by org.testng.reporters.JUnitReportReporter -->
<testsuite skipped="0" hostname="DESKTOP-U8GTRA6" name="com.training.functional.tests.CYTC_016MemberAccountDetails" tests="1" failures="0" timestamp="13 Feb 2019 17:42:35 GMT" time="25.169" errors="0">
  <testcase name="validLoginTest" time="25.169" classname="com.training.functional.tests.CYTC_016MemberAccountDetails"/>
</testsuite> <!-- com.training.functional.tests.CYTC_016MemberAccountDetails -->
