<?xml version="1.0" encoding="UTF-8"?>
<!-- Generated by org.testng.reporters.JUnitReportReporter -->
<testsuite skipped="0" hostname="DESKTOP-U8GTRA6" name="com.training.functional.tests.pageLoginTest" tests="2" failures="0" timestamp="22 Jan 2019 19:26:25 GMT" time="10.807" errors="0">
  <testcase name="loginPageTest" time="6.144" classname="com.training.functional.tests.pageLoginTest"/>
  <testcase name="f" time="4.663" classname="com.training.functional.tests.pageLoginTest"/>
</testsuite> <!-- com.training.functional.tests.pageLoginTest -->
