<?xml version="1.0" encoding="UTF-8"?>
<!-- Generated by org.testng.reporters.JUnitReportReporter -->
<testsuite skipped="0" hostname="DESKTOP-U8GTRA6" name="com.training.functional.tests.CYTC_020DisplayAccountInfoOfMember" tests="1" failures="0" timestamp="11 Feb 2019 08:17:36 GMT" time="17.428" errors="0">
  <testcase name="validLoginTest" time="17.428" classname="com.training.functional.tests.CYTC_020DisplayAccountInfoOfMember"/>
</testsuite> <!-- com.training.functional.tests.CYTC_020DisplayAccountInfoOfMember -->
