<?xml version="1.0" encoding="UTF-8"?>
<!-- Generated by org.testng.reporters.JUnitReportReporter -->
<testsuite skipped="0" hostname="DESKTOP-U8GTRA6" name="com.training.functional.tests.CYTC_047ViewScheduledPayments" tests="1" failures="0" timestamp="11 Feb 2019 08:05:35 GMT" time="23.649" errors="0">
  <testcase name="validLoginTest" time="23.649" classname="com.training.functional.tests.CYTC_047ViewScheduledPayments"/>
</testsuite> <!-- com.training.functional.tests.CYTC_047ViewScheduledPayments -->
