<?xml version="1.0" encoding="UTF-8"?>
<!-- Generated by org.testng.reporters.JUnitReportReporter -->
<testsuite skipped="0" hostname="DESKTOP-U8GTRA6" name="com.training.functional.tests.CYTC_049ViewMessageSentByMember" tests="1" failures="0" timestamp="11 Feb 2019 08:11:39 GMT" time="22.169" errors="0">
  <testcase name="validLoginTest" time="22.169" classname="com.training.functional.tests.CYTC_049ViewMessageSentByMember"/>
</testsuite> <!-- com.training.functional.tests.CYTC_049ViewMessageSentByMember -->
