<?xml version="1.0" encoding="UTF-8"?>
<!-- Generated by org.testng.reporters.JUnitReportReporter -->
<testsuite skipped="0" hostname="DESKTOP-U8GTRA6" name="com.training.functional.tests.CYTC_016" tests="1" failures="0" timestamp="25 Jan 2019 11:01:45 GMT" time="17.920" errors="0">
  <testcase name="validLoginTest" time="17.920" classname="com.training.functional.tests.CYTC_016"/>
</testsuite> <!-- com.training.functional.tests.CYTC_016 -->
