<?xml version="1.0" encoding="UTF-8"?>
<!-- Generated by org.testng.reporters.JUnitReportReporter -->
<testsuite skipped="0" hostname="DESKTOP-U8GTRA6" name="com.training.functional.tests.CYTC_076AdminGrantloantoMultipleMember" tests="3" failures="0" timestamp="13 Feb 2019 10:50:30 GMT" time="58.805" errors="0">
  <testcase name="validLoginTest" time="19.346" classname="com.training.functional.tests.CYTC_076AdminGrantloantoMultipleMember"/>
  <testcase name="validLoginTest" time="18.833" classname="com.training.functional.tests.CYTC_076AdminGrantloantoMultipleMember"/>
  <testcase name="validLoginTest" time="20.626" classname="com.training.functional.tests.CYTC_076AdminGrantloantoMultipleMember"/>
</testsuite> <!-- com.training.functional.tests.CYTC_076AdminGrantloantoMultipleMember -->
